<?xml version="1.0" encoding="utf-8"?><testsuites name="pytest tests"><testsuite name="pytest" errors="2" failures="1" skipped="0" tests="18" time="12.798" timestamp="2026-04-18T05:14:18.299023+00:00" hostname="agent-env-b3e60cf2-f63a-44d9-97c6-4a900283f29a"><testcase classname="tests.test_api.TestHealthAndRoot" name="test_api_root" time="0.263" /><testcase classname="tests.test_api.TestAuthRegister" name="test_register_new_user" time="0.536" /><testcase classname="tests.test_api.TestAuthRegister" name="test_register_duplicate_email" time="0.839" /><testcase classname="tests.test_api.TestAuthRegister" name="test_register_short_password" time="0.153" /><testcase classname="tests.test_api.TestAuthLogin" name="test_login_valid_credentials" time="0.536" /><testcase classname="tests.test_api.TestAuthLogin" name="test_login_invalid_password" time="0.542" /><testcase classname="tests.test_api.TestAuthLogin" name="test_login_nonexistent_user" time="0.171" /><testcase classname="tests.test_api.TestAuthenticatedEndpoints" name="test_get_me_authenticated" time="0.610" /><testcase classname="tests.test_api.TestAuthenticatedEndpoints" name="test_get_me_unauthenticated" time="0.202" /><testcase classname="tests.test_api.TestAuthenticatedEndpoints" name="test_logout" time="0.654" /><testcase classname="tests.test_api.TestTasksCRUD" name="test_get_tasks_empty" time="0.593" /><testcase classname="tests.test_api.TestTasksCRUD" name="test_create_task" time="0.613" /><testcase classname="tests.test_api.TestTasksCRUD" name="test_create_and_get_task" time="0.337"><error message="failed on setup with &quot;assert 409 == 200&#10; +  where 409 = &lt;Response [409]&gt;.status_code&quot;">tests/test_api.py:168: in auth_session
    assert response.status_code == 200
E   assert 409 == 200
E    +  where 409 = &lt;Response [409]&gt;.status_code</error></testcase><testcase classname="tests.test_api.TestTasksCRUD" name="test_update_task" time="0.693" /><testcase classname="tests.test_api.TestTasksCRUD" name="test_delete_task" time="0.166"><error message="failed on setup with &quot;assert 409 == 200&#10; +  where 409 = &lt;Response [409]&gt;.status_code&quot;">tests/test_api.py:168: in auth_session
    assert response.status_code == 200
E   assert 409 == 200
E    +  where 409 = &lt;Response [409]&gt;.status_code</error></testcase><testcase classname="tests.test_api.TestUserPreferences" name="test_update_preferences" time="0.662" /><testcase classname="tests.test_api.TestSubscription" name="test_create_checkout_session" time="2.093" /><testcase classname="tests.test_api.TestBruteForceProtection" name="test_lockout_after_failed_attempts" time="2.316"><failure message="assert 500 == 429&#10; +  where 500 = &lt;Response [500]&gt;.status_code">tests/test_api.py:356: in test_lockout_after_failed_attempts
    assert response.status_code == 429
E   assert 500 == 429
E    +  where 500 = &lt;Response [500]&gt;.status_code</failure></testcase></testsuite></testsuites>