<?xml version="1.0" encoding="utf-8"?><testsuites name="pytest tests"><testsuite name="pytest" errors="0" failures="0" skipped="0" tests="18" time="10.475" timestamp="2026-04-18T05:24:42.742462+00:00" hostname="agent-env-b3e60cf2-f63a-44d9-97c6-4a900283f29a"><testcase classname="backend.tests.test_api.TestHealthAndRoot" name="test_api_root" time="0.191" /><testcase classname="backend.tests.test_api.TestAuthRegister" name="test_register_new_user" time="0.432" /><testcase classname="backend.tests.test_api.TestAuthRegister" name="test_register_duplicate_email" time="0.532" /><testcase classname="backend.tests.test_api.TestAuthRegister" name="test_register_short_password" time="0.119" /><testcase classname="backend.tests.test_api.TestAuthLogin" name="test_login_valid_credentials" time="0.403" /><testcase classname="backend.tests.test_api.TestAuthLogin" name="test_login_invalid_password" time="0.408" /><testcase classname="backend.tests.test_api.TestAuthLogin" name="test_login_nonexistent_user" time="0.150" /><testcase classname="backend.tests.test_api.TestAuthenticatedEndpoints" name="test_get_me_authenticated" time="0.455" /><testcase classname="backend.tests.test_api.TestAuthenticatedEndpoints" name="test_get_me_unauthenticated" time="0.112" /><testcase classname="backend.tests.test_api.TestAuthenticatedEndpoints" name="test_logout" time="0.508" /><testcase classname="backend.tests.test_api.TestTasksCRUD" name="test_get_tasks_empty" time="0.551" /><testcase classname="backend.tests.test_api.TestTasksCRUD" name="test_create_task" time="0.461" /><testcase classname="backend.tests.test_api.TestTasksCRUD" name="test_create_and_get_task" time="0.521" /><testcase classname="backend.tests.test_api.TestTasksCRUD" name="test_update_task" time="0.553" /><testcase classname="backend.tests.test_api.TestTasksCRUD" name="test_delete_task" time="0.591" /><testcase classname="backend.tests.test_api.TestUserPreferences" name="test_update_preferences" time="0.723" /><testcase classname="backend.tests.test_api.TestSubscription" name="test_create_checkout_session" time="1.158" /><testcase classname="backend.tests.test_api.TestBruteForceProtection" name="test_lockout_after_failed_attempts" time="2.383" /></testsuite></testsuites>